<?xml version="1.0" encoding="UTF-8"?>
<testng-results ignored="0" total="1" passed="1" failed="0" skipped="0">
  <reporter-output>
  </reporter-output>
  <suite started-at="2025-07-27T12:00:48 IST" name="Suite" finished-at="2025-07-27T12:00:55 IST" duration-ms="6247">
    <groups>
    </groups>
    <test started-at="2025-07-27T12:00:48 IST" name="Test" finished-at="2025-07-27T12:00:55 IST" duration-ms="6247">
      <class name="com.greencart.qa.testcases.GrrenCartHomeTest">
        <test-method is-config="true" signature="setUp(java.lang.String)[pri:0, instance:com.greencart.qa.testcases.GrrenCartHomeTest@557caf28]" started-at="2025-07-27T12:00:48 IST" name="setUp" finished-at="2025-07-27T12:00:52 IST" duration-ms="4010" status="PASS">
          <params>
            <param index="0">
              <value>
                <![CDATA[chrome]]>
              </value>
            </param>
          </params>
          <reporter-output>
          </reporter-output>
        </test-method> <!-- setUp -->
        <test-method signature="homePageTest()[pri:1, instance:com.greencart.qa.testcases.GrrenCartHomeTest@557caf28]" started-at="2025-07-27T12:00:52 IST" name="homePageTest" finished-at="2025-07-27T12:00:54 IST" duration-ms="1910" status="PASS">
          <reporter-output>
          </reporter-output>
        </test-method> <!-- homePageTest -->
        <test-method is-config="true" signature="Capturess(org.testng.ITestResult)[pri:0, instance:com.greencart.qa.testcases.GrrenCartHomeTest@557caf28]" started-at="2025-07-27T12:00:54 IST" name="Capturess" finished-at="2025-07-27T12:00:54 IST" duration-ms="2" status="PASS">
          <params>
            <param index="0">
              <value>
                <![CDATA[[TestResult name=homePageTest status=SUCCESS method=GrrenCartHomeTest.homePageTest()[pri:1, instance:com.greencart.qa.testcases.GrrenCartHomeTest@557caf28] output={null}]]]>
              </value>
            </param>
          </params>
          <reporter-output>
          </reporter-output>
        </test-method> <!-- Capturess -->
        <test-method is-config="true" signature="tearDown()[pri:0, instance:com.greencart.qa.testcases.GrrenCartHomeTest@557caf28]" started-at="2025-07-27T12:00:54 IST" name="tearDown" finished-at="2025-07-27T12:00:55 IST" duration-ms="236" status="PASS">
          <reporter-output>
          </reporter-output>
        </test-method> <!-- tearDown -->
      </class> <!-- com.greencart.qa.testcases.GrrenCartHomeTest -->
    </test> <!-- Test -->
  </suite> <!-- Suite -->
</testng-results>
